2020/12/19 23:20:14 log_test.go:10: [DEBUG] test....
2020/12/19 23:20:14 log_test.go:11: [DEBUG] testDebugf...
2020/12/19 23:20:14 log_test.go:12: [INFO] test....
2020/12/19 23:20:14 log_test.go:13: [INFO] testInfof...
2020/12/19 23:20:14 log_test.go:14: [WARNING] test....
2020/12/19 23:20:14 log_test.go:15: [WARNING] testWarningf...
2020/12/19 23:20:14 log_test.go:16: [ERROR] test....
2020/12/19 23:20:14 log_test.go:17: [ERROR] testErrorf...
2020/12/19 23:20:14 log_test.go:18: [FATAL] test....
2020/12/19 23:20:14 log_test.go:19: [FATAL] testFatalf...
2020/12/19 23:20:28 log_test.go:10: [DEBUG] test....
2020/12/19 23:20:28 log_test.go:11: [DEBUG] testDebugf...
2020/12/19 23:20:28 log_test.go:12: [INFO] test....
2020/12/19 23:20:28 log_test.go:13: [INFO] testInfof...
2020/12/19 23:20:28 log_test.go:14: [WARNING] test....
2020/12/19 23:20:28 log_test.go:15: [WARNING] testWarningf...
2020/12/19 23:20:28 log_test.go:16: [ERROR] test....
2020/12/19 23:20:28 log_test.go:17: [ERROR] testErrorf...
2020/12/19 23:20:28 log_test.go:18: [FATAL] test....
2020/12/19 23:20:28 log_test.go:19: [FATAL] testFatalf...
2020/12/19 23:21:10 log_test.go:10: [DEBUG] test....
2020/12/19 23:21:10 log_test.go:11: [DEBUG] testDebugf...
2020/12/19 23:21:10 log_test.go:12: [INFO] test....
2020/12/19 23:21:10 log_test.go:13: [INFO] testInfof...
2020/12/19 23:21:10 log_test.go:14: [WARNING] test....
2020/12/19 23:21:10 log_test.go:15: [WARNING] testWarningf...
2020/12/19 23:21:10 log_test.go:16: [ERROR] test....
2020/12/19 23:21:10 log_test.go:17: [ERROR] testErrorf...
2020/12/19 23:21:10 log_test.go:18: [FATAL] test....
2020/12/19 23:21:10 log_test.go:19: [FATAL] testFatalf...
